#
# There is insufficient memory for the Java Runtime Environment to continue.
# Native memory allocation (malloc) failed to allocate 102704 bytes for Chunk::new
# Possible reasons:
#   The system is out of physical RAM or swap space
#   In 32 bit mode, the process size limit was hit
# Possible solutions:
#   Reduce memory load on the system
#   Increase physical memory or swap space
#   Check if swap backing store is full
#   Use 64 bit Java on a 64 bit OS
#   Decrease Java heap size (-Xmx/-Xms)
#   Decrease number of Java threads
#   Decrease Java thread stack sizes (-Xss)
#   Set larger code cache with -XX:ReservedCodeCacheSize=
# This output file may be truncated or incomplete.
#
#  Out of Memory Error (allocation.cpp:390), pid=25536, tid=0x0000000000001094
#
# JRE version: Java(TM) SE Runtime Environment (8.0_152-b16) (build 1.8.0_152-b16)
# Java VM: Java HotSpot(TM) 64-Bit Server VM (25.152-b16 mixed mode windows-amd64 compressed oops)
# Failed to write core dump. Minidumps are not enabled by default on client versions of Windows
#

---------------  T H R E A D  ---------------

Current thread (0x00000000190dc800):  JavaThread "C2 CompilerThread1" daemon [_thread_in_native, id=4244, stack(0x00000000198a0000,0x00000000199a0000)]

Stack: [0x00000000198a0000,0x00000000199a0000]
[error occurred during error reporting (printing stack bounds), id 0xc0000005]

Native frames: (J=compiled Java code, j=interpreted, Vv=VM code, C=native code)


Current CompileTask:
C2:  29711 8541       4       org.eclipse.jdt.internal.compiler.lookup.BinaryTypeBinding::createMethod (1098 bytes)


---------------  P R O C E S S  ---------------

Java Threads: ( => current thread )
  0x000000001fa1f800 JavaThread "MySQL Statement Cancellation Timer" daemon [_thread_blocked, id=22148, stack(0x0000000027570000,0x0000000027670000)]
  0x000000001fa25000 JavaThread "Druid-ConnectionPool-Destroy-1769320252" daemon [_thread_blocked, id=22200, stack(0x0000000027270000,0x0000000027370000)]
  0x000000001fa24000 JavaThread "Druid-ConnectionPool-Create-1769320252" daemon [_thread_blocked, id=25176, stack(0x00000000205b0000,0x00000000206b0000)]
  0x000000001fa23800 JavaThread "http-bio-80-exec-4" daemon [_thread_in_Java, id=12160, stack(0x00000000203b0000,0x00000000204b0000)]
  0x000000001fa26800 JavaThread "http-bio-80-exec-3" daemon [_thread_blocked, id=18940, stack(0x0000000027170000,0x0000000027270000)]
  0x000000001fa25800 JavaThread "http-bio-80-exec-2" daemon [_thread_in_native, id=16804, stack(0x0000000027070000,0x0000000027170000)]
  0x000000001fa22800 JavaThread "http-bio-80-exec-1" daemon [_thread_blocked, id=20864, stack(0x0000000026f70000,0x0000000027070000)]
  0x000000001fa22000 JavaThread "http-bio-80-AsyncTimeout" daemon [_thread_blocked, id=6448, stack(0x0000000026e70000,0x0000000026f70000)]
  0x000000001fa21000 JavaThread "http-bio-80-Acceptor-0" daemon [_thread_in_native, id=13068, stack(0x0000000026b30000,0x0000000026c30000)]
  0x000000001fa20800 JavaThread "ContainerBackgroundProcessor[StandardEngine[Tomcat]]" daemon [_thread_blocked, id=23940, stack(0x0000000026a30000,0x0000000026b30000)]
  0x0000000024d40800 JavaThread "Thread-3" daemon [_thread_in_native, id=22908, stack(0x00000000204b0000,0x00000000205b0000)]
  0x0000000019173800 JavaThread "Service Thread" daemon [_thread_blocked, id=25332, stack(0x0000000019aa0000,0x0000000019ba0000)]
  0x00000000190f9800 JavaThread "C1 CompilerThread2" daemon [_thread_in_vm, id=20756, stack(0x00000000199a0000,0x0000000019aa0000)]
=>0x00000000190dc800 JavaThread "C2 CompilerThread1" daemon [_thread_in_native, id=4244, stack(0x00000000198a0000,0x00000000199a0000)]
  0x00000000190d9800 JavaThread "C2 CompilerThread0" daemon [_thread_in_native, id=19948, stack(0x00000000197a0000,0x00000000198a0000)]
  0x00000000190d8000 JavaThread "Monitor Ctrl-Break" daemon [_thread_in_native, id=18376, stack(0x00000000196a0000,0x00000000197a0000)]
  0x0000000017d9a000 JavaThread "Attach Listener" daemon [_thread_blocked, id=22592, stack(0x00000000195a0000,0x00000000196a0000)]
  0x0000000017d50000 JavaThread "Signal Dispatcher" daemon [_thread_blocked, id=18048, stack(0x00000000194a0000,0x00000000195a0000)]
  0x0000000017d2a800 JavaThread "Finalizer" daemon [_thread_blocked, id=17700, stack(0x0000000018fa0000,0x00000000190a0000)]
  0x0000000017d09000 JavaThread "Reference Handler" daemon [_thread_blocked, id=22472, stack(0x0000000018ea0000,0x0000000018fa0000)]
  0x0000000003102800 JavaThread "main" [_thread_blocked, id=14040, stack(0x0000000002e50000,0x0000000002f50000)]

Other Threads:
  0x0000000017d08000 VMThread [stack: 0x0000000018da0000,0x0000000018ea0000] [id=21772]
  0x000000001918c800 WatcherThread [stack: 0x0000000019ba0000,0x0000000019ca0000] [id=20060]

VM state:not at safepoint (normal execution)

VM Mutex/Monitor currently owned by a thread: None

Heap:
 PSYoungGen      total 460800K, used 29022K [0x00000000d5e00000, 0x00000000f4700000, 0x0000000100000000)
  eden space 428032K, 6% used [0x00000000d5e00000,0x00000000d7a57b50,0x00000000f0000000)
  from space 32768K, 0% used [0x00000000f2700000,0x00000000f2700000,0x00000000f4700000)
  to   space 36352K, 0% used [0x00000000f0000000,0x00000000f0000000,0x00000000f2380000)
 ParOldGen       total 123904K, used 42694K [0x0000000081a00000, 0x0000000089300000, 0x00000000d5e00000)
  object space 123904K, 34% used [0x0000000081a00000,0x00000000843b1ac8,0x0000000089300000)
 Metaspace       used 60922K, capacity 61846K, committed 62168K, reserved 1103872K
  class space    used 6814K, capacity 7076K, committed 7168K, reserved 1048576K

Card table byte_map: [0x00000000125c0000,0x00000000129c0000] byte_map_base: 0x00000000121b3000

Marking Bits: (ParMarkBitMap*) 0x0000000075730860
 Begin Bits: [0x0000000013070000, 0x0000000015008000)
 End Bits:   [0x0000000015008000, 0x0000000016fa0000)

Polling page: 0x0000000000c60000

CodeCache: size=245760Kb used=23340Kb max_used=23340Kb free=222419Kb
 bounds [0x0000000003200000, 0x00000000048f0000, 0x0000000012200000]
 total_blobs=7837 nmethods=7271 adapters=476
 compilation: enabled

Compilation events (10 events):
Event: 29.697 Thread 0x00000000190f9800 8601       1       org.eclipse.jdt.internal.compiler.lookup.ProblemBinding::problemId (5 bytes)
Event: 29.697 Thread 0x00000000190f9800 nmethod 8601 0x00000000048dd650 code [0x00000000048dd7a0, 0x00000000048dd8b0]
Event: 29.697 Thread 0x00000000190f9800 8602       1       org.eclipse.jdt.internal.compiler.ast.ASTNode::isThis (2 bytes)
Event: 29.697 Thread 0x00000000190f9800 nmethod 8602 0x00000000048dd910 code [0x00000000048dda60, 0x00000000048ddb70]
Event: 29.697 Thread 0x00000000190f9800 8608       3       org.eclipse.jdt.internal.compiler.lookup.MethodBinding::getTypeVariable (41 bytes)
Event: 29.697 Thread 0x00000000190f9800 nmethod 8608 0x00000000048ddbd0 code [0x00000000048ddd60, 0x00000000048de068]
Event: 29.697 Thread 0x00000000190f9800 8609       3       org.eclipse.jdt.internal.compiler.lookup.Scope::methodScope (25 bytes)
Event: 29.697 Thread 0x00000000190f9800 nmethod 8609 0x00000000048de290 code [0x00000000048de400, 0x00000000048de830]
Event: 29.698 Thread 0x00000000190f9800 8610       3       org.eclipse.jdt.core.compiler.CharOperation::indexOf (270 bytes)
Event: 29.699 Thread 0x00000000190f9800 nmethod 8610 0x00000000048de950 code [0x00000000048deba0, 0x00000000048df738]

GC Heap History (10 events):
Event: 11.900 GC heap before
{Heap before GC invocations=15 (full 1):
 PSYoungGen      total 234496K, used 39629K [0x00000000d5e00000, 0x00000000ec980000, 0x0000000100000000)
  eden space 204800K, 5% used [0x00000000d5e00000,0x00000000d692d1d0,0x00000000e2600000)
  from space 29696K, 94% used [0x00000000e2600000,0x00000000e41863e0,0x00000000e4300000)
  to   space 33280K, 0% used [0x00000000ea900000,0x00000000ea900000,0x00000000ec980000)
 ParOldGen       total 59392K, used 46938K [0x0000000081a00000, 0x0000000085400000, 0x00000000d5e00000)
  object space 59392K, 79% used [0x0000000081a00000,0x00000000847d6b40,0x0000000085400000)
 Metaspace       used 34699K, capacity 35386K, committed 35456K, reserved 1081344K
  class space    used 4007K, capacity 4206K, committed 4224K, reserved 1048576K
Event: 11.910 GC heap after
Heap after GC invocations=15 (full 1):
 PSYoungGen      total 338432K, used 1648K [0x00000000d5e00000, 0x00000000ecc80000, 0x0000000100000000)
  eden space 305152K, 0% used [0x00000000d5e00000,0x00000000d5e00000,0x00000000e8800000)
  from space 33280K, 4% used [0x00000000ea900000,0x00000000eaa9c0e8,0x00000000ec980000)
  to   space 33792K, 0% used [0x00000000e8800000,0x00000000e8800000,0x00000000ea900000)
 ParOldGen       total 59392K, used 53529K [0x0000000081a00000, 0x0000000085400000, 0x00000000d5e00000)
  object space 59392K, 90% used [0x0000000081a00000,0x0000000084e46518,0x0000000085400000)
 Metaspace       used 34699K, capacity 35386K, committed 35456K, reserved 1081344K
  class space    used 4007K, capacity 4206K, committed 4224K, reserved 1048576K
}
Event: 11.910 GC heap before
{Heap before GC invocations=16 (full 2):
 PSYoungGen      total 338432K, used 1648K [0x00000000d5e00000, 0x00000000ecc80000, 0x0000000100000000)
  eden space 305152K, 0% used [0x00000000d5e00000,0x00000000d5e00000,0x00000000e8800000)
  from space 33280K, 4% used [0x00000000ea900000,0x00000000eaa9c0e8,0x00000000ec980000)
  to   space 33792K, 0% used [0x00000000e8800000,0x00000000e8800000,0x00000000ea900000)
 ParOldGen       total 59392K, used 53529K [0x0000000081a00000, 0x0000000085400000, 0x00000000d5e00000)
  object space 59392K, 90% used [0x0000000081a00000,0x0000000084e46518,0x0000000085400000)
 Metaspace       used 34699K, capacity 35386K, committed 35456K, reserved 1081344K
  class space    used 4007K, capacity 4206K, committed 4224K, reserved 1048576K
Event: 12.052 GC heap after
Heap after GC invocations=16 (full 2):
 PSYoungGen      total 338432K, used 0K [0x00000000d5e00000, 0x00000000ecc80000, 0x0000000100000000)
  eden space 305152K, 0% used [0x00000000d5e00000,0x00000000d5e00000,0x00000000e8800000)
  from space 33280K, 0% used [0x00000000ea900000,0x00000000ea900000,0x00000000ec980000)
  to   space 33792K, 0% used [0x00000000e8800000,0x00000000e8800000,0x00000000ea900000)
 ParOldGen       total 110080K, used 42698K [0x0000000081a00000, 0x0000000088580000, 0x00000000d5e00000)
  object space 110080K, 38% used [0x0000000081a00000,0x00000000843b2bf8,0x0000000088580000)
 Metaspace       used 34699K, capacity 35386K, committed 35456K, reserved 1081344K
  class space    used 4007K, capacity 4206K, committed 4224K, reserved 1048576K
}
Event: 28.542 GC heap before
{Heap before GC invocations=17 (full 2):
 PSYoungGen      total 338432K, used 305152K [0x00000000d5e00000, 0x00000000ecc80000, 0x0000000100000000)
  eden space 305152K, 100% used [0x00000000d5e00000,0x00000000e8800000,0x00000000e8800000)
  from space 33280K, 0% used [0x00000000ea900000,0x00000000ea900000,0x00000000ec980000)
  to   space 33792K, 0% used [0x00000000e8800000,0x00000000e8800000,0x00000000ea900000)
 ParOldGen       total 110080K, used 42698K [0x0000000081a00000, 0x0000000088580000, 0x00000000d5e00000)
  object space 110080K, 38% used [0x0000000081a00000,0x00000000843b2bf8,0x0000000088580000)
 Metaspace       used 54481K, capacity 55408K, committed 55808K, reserved 1097728K
  class space    used 6306K, capacity 6531K, committed 6656K, reserved 1048576K
Event: 28.570 GC heap after
Heap after GC invocations=17 (full 2):
 PSYoungGen      total 338944K, used 27100K [0x00000000d5e00000, 0x00000000f4b00000, 0x0000000100000000)
  eden space 305152K, 0% used [0x00000000d5e00000,0x00000000d5e00000,0x00000000e8800000)
  from space 33792K, 80% used [0x00000000e8800000,0x00000000ea2772b0,0x00000000ea900000)
  to   space 36864K, 0% used [0x00000000f2700000,0x00000000f2700000,0x00000000f4b00000)
 ParOldGen       total 110080K, used 42706K [0x0000000081a00000, 0x0000000088580000, 0x00000000d5e00000)
  object space 110080K, 38% used [0x0000000081a00000,0x00000000843b4bf8,0x0000000088580000)
 Metaspace       used 54481K, capacity 55408K, committed 55808K, reserved 1097728K
  class space    used 6306K, capacity 6531K, committed 6656K, reserved 1048576K
}
Event: 29.100 GC heap before
{Heap before GC invocations=18 (full 2):
 PSYoungGen      total 338944K, used 82024K [0x00000000d5e00000, 0x00000000f4b00000, 0x0000000100000000)
  eden space 305152K, 17% used [0x00000000d5e00000,0x00000000d93a2ec8,0x00000000e8800000)
  from space 33792K, 80% used [0x00000000e8800000,0x00000000ea2772b0,0x00000000ea900000)
  to   space 36864K, 0% used [0x00000000f2700000,0x00000000f2700000,0x00000000f4b00000)
 ParOldGen       total 110080K, used 42706K [0x0000000081a00000, 0x0000000088580000, 0x00000000d5e00000)
  object space 110080K, 38% used [0x0000000081a00000,0x00000000843b4bf8,0x0000000088580000)
 Metaspace       used 58010K, capacity 58838K, committed 59096K, reserved 1101824K
  class space    used 6600K, capacity 6820K, committed 6912K, reserved 1048576K
Event: 29.113 GC heap after
Heap after GC invocations=18 (full 2):
 PSYoungGen      total 460800K, used 4399K [0x00000000d5e00000, 0x00000000f4700000, 0x0000000100000000)
  eden space 428032K, 0% used [0x00000000d5e00000,0x00000000d5e00000,0x00000000f0000000)
  from space 32768K, 13% used [0x00000000f2700000,0x00000000f2b4bd88,0x00000000f4700000)
  to   space 36352K, 0% used [0x00000000f0000000,0x00000000f0000000,0x00000000f2380000)
 ParOldGen       total 110080K, used 56054K [0x0000000081a00000, 0x0000000088580000, 0x00000000d5e00000)
  object space 110080K, 50% used [0x0000000081a00000,0x00000000850bdb50,0x0000000088580000)
 Metaspace       used 58010K, capacity 58838K, committed 59096K, reserved 1101824K
  class space    used 6600K, capacity 6820K, committed 6912K, reserved 1048576K
}
Event: 29.113 GC heap before
{Heap before GC invocations=19 (full 3):
 PSYoungGen      total 460800K, used 4399K [0x00000000d5e00000, 0x00000000f4700000, 0x0000000100000000)
  eden space 428032K, 0% used [0x00000000d5e00000,0x00000000d5e00000,0x00000000f0000000)
  from space 32768K, 13% used [0x00000000f2700000,0x00000000f2b4bd88,0x00000000f4700000)
  to   space 36352K, 0% used [0x00000000f0000000,0x00000000f0000000,0x00000000f2380000)
 ParOldGen       total 110080K, used 56054K [0x0000000081a00000, 0x0000000088580000, 0x00000000d5e00000)
  object space 110080K, 50% used [0x0000000081a00000,0x00000000850bdb50,0x0000000088580000)
 Metaspace       used 58010K, capacity 58838K, committed 59096K, reserved 1101824K
  class space    used 6600K, capacity 6820K, committed 6912K, reserved 1048576K
Event: 29.282 GC heap after
Heap after GC invocations=19 (full 3):
 PSYoungGen      total 460800K, used 0K [0x00000000d5e00000, 0x00000000f4700000, 0x0000000100000000)
  eden space 428032K, 0% used [0x00000000d5e00000,0x00000000d5e00000,0x00000000f0000000)
  from space 32768K, 0% used [0x00000000f2700000,0x00000000f2700000,0x00000000f4700000)
  to   space 36352K, 0% used [0x00000000f0000000,0x00000000f0000000,0x00000000f2380000)
 ParOldGen       total 123904K, used 42694K [0x0000000081a00000, 0x0000000089300000, 0x00000000d5e00000)
  object space 123904K, 34% used [0x0000000081a00000,0x00000000843b1ac8,0x0000000089300000)
 Metaspace       used 58010K, capacity 58838K, committed 59096K, reserved 1101824K
  class space    used 6600K, capacity 6820K, committed 6912K, reserved 1048576K
}

Deoptimization events (10 events):
Event: 28.919 Thread 0x000000001fa23800 Uncommon trap: reason=null_check action=make_not_entrant pc=0x00000000033ba4b8 method=com.sun.org.apache.xerces.internal.dom.DeferredDocumentImpl.setChunkValue([[Ljava/lang/Object;Ljava/lang/Object;II)Ljava/lang/String; @ 39
Event: 28.919 Thread 0x000000001fa23800 Uncommon trap: reason=unstable_if action=reinterpret pc=0x000000000476f988 method=com.sun.org.apache.xerces.internal.impl.XMLDocumentFragmentScannerImpl$FragmentContentDriver.next()I @ 76
Event: 28.922 Thread 0x000000001fa23800 Uncommon trap: reason=unstable_if action=reinterpret pc=0x0000000003964640 method=java.util.Hashtable$Enumerator.nextElement()Ljava/lang/Object; @ 87
Event: 28.940 Thread 0x000000001fa23800 Uncommon trap: reason=unstable_if action=reinterpret pc=0x0000000003c81054 method=java.lang.CharacterDataLatin1.isJavaIdentifierStart(I)Z @ 14
Event: 28.940 Thread 0x000000001fa23800 Uncommon trap: reason=unstable_if action=reinterpret pc=0x0000000003f10200 method=java.lang.CharacterDataLatin1.isJavaIdentifierStart(I)Z @ 14
Event: 28.984 Thread 0x000000001fa23800 Uncommon trap: reason=class_check action=maybe_recompile pc=0x0000000004370a40 method=java.io.DataInputStream.readByte()B @ 4
Event: 28.984 Thread 0x000000001fa23800 Uncommon trap: reason=class_check action=maybe_recompile pc=0x0000000004370a40 method=java.io.DataInputStream.readByte()B @ 4
Event: 28.984 Thread 0x000000001fa23800 Uncommon trap: reason=class_check action=maybe_recompile pc=0x0000000004370a40 method=java.io.DataInputStream.readByte()B @ 4
Event: 28.984 Thread 0x000000001fa23800 Uncommon trap: reason=class_check action=maybe_recompile pc=0x0000000004370a40 method=java.io.DataInputStream.readByte()B @ 4
Event: 28.994 Thread 0x000000001fa23800 Uncommon trap: reason=unstable_if action=reinterpret pc=0x00000000034d6d3c method=java.nio.charset.CharsetEncoder.encode(Ljava/nio/CharBuffer;Ljava/nio/ByteBuffer;Z)Ljava/nio/charset/CoderResult; @ 94

Classes redefined (0 events):
No events

Internal exceptions (10 events):
Event: 28.999 Thread 0x000000001fa23800 Exception <a 'java/lang/ClassNotFoundException': javax/servlet/jsp/jstl/core/LoopTagSupportCustomizer> (0x00000000d8af2f38) thrown at [C:\re\workspace\8-2-build-windows-amd64-cygwin\jdk8u152\9742\hotspot\src\share\vm\classfile\systemDictionary.cpp, line 2
Event: 29.002 Thread 0x000000001fa23800 Exception <a 'java/lang/ClassNotFoundException': org/apache/taglibs/standard/tag/common/core/ForEachSupportCustomizer> (0x00000000d8b3f278) thrown at [C:\re\workspace\8-2-build-windows-amd64-cygwin\jdk8u152\9742\hotspot\src\share\vm\classfile\systemDictio
Event: 29.003 Thread 0x000000001fa23800 Exception <a 'java/lang/ClassNotFoundException': org/apache/taglibs/standard/tag/rt/core/ForEachTagCustomizer> (0x00000000d8b6d838) thrown at [C:\re\workspace\8-2-build-windows-amd64-cygwin\jdk8u152\9742\hotspot\src\share\vm\classfile\systemDictionary.cpp
Event: 29.004 Thread 0x000000001fa23800 Exception <a 'java/lang/ClassNotFoundException': org/apache/taglibs/standard/tag/rt/fmt/FormatDateTagBeanInfo> (0x00000000d8bc06e8) thrown at [C:\re\workspace\8-2-build-windows-amd64-cygwin\jdk8u152\9742\hotspot\src\share\vm\classfile\systemDictionary.cpp
Event: 29.005 Thread 0x000000001fa23800 Exception <a 'java/lang/ClassNotFoundException': org/apache/taglibs/standard/tag/common/fmt/FormatDateSupportBeanInfo> (0x00000000d8be5ef8) thrown at [C:\re\workspace\8-2-build-windows-amd64-cygwin\jdk8u152\9742\hotspot\src\share\vm\classfile\systemDictio
Event: 29.008 Thread 0x000000001fa23800 Exception <a 'java/lang/ClassNotFoundException': org/apache/taglibs/standard/tag/common/fmt/FormatDateSupportCustomizer> (0x00000000d8c0bb60) thrown at [C:\re\workspace\8-2-build-windows-amd64-cygwin\jdk8u152\9742\hotspot\src\share\vm\classfile\systemDict
Event: 29.009 Thread 0x000000001fa23800 Exception <a 'java/lang/ClassNotFoundException': org/apache/taglibs/standard/tag/rt/fmt/FormatDateTagCustomizer> (0x00000000d8c354f0) thrown at [C:\re\workspace\8-2-build-windows-amd64-cygwin\jdk8u152\9742\hotspot\src\share\vm\classfile\systemDictionary.c
Event: 29.421 Thread 0x000000001fa23800 Exception <a 'java/lang/ArrayIndexOutOfBoundsException': 77133> (0x00000000d69a1e48) thrown at [C:\re\workspace\8-2-build-windows-amd64-cygwin\jdk8u152\9742\hotspot\src\share\vm\interpreter\interpreterRuntime.cpp, line 366]
Event: 29.436 Thread 0x000000001fa23800 Exception <a 'java/security/PrivilegedActionException'> (0x00000000d6a177e0) thrown at [C:\re\workspace\8-2-build-windows-amd64-cygwin\jdk8u152\9742\hotspot\src\share\vm\prims\jvm.cpp, line 1390]
Event: 29.436 Thread 0x000000001fa23800 Exception <a 'java/security/PrivilegedActionException'> (0x00000000d6a17dc0) thrown at [C:\re\workspace\8-2-build-windows-amd64-cygwin\jdk8u152\9742\hotspot\src\share\vm\prims\jvm.cpp, line 1390]

Events (10 events):
Event: 29.701 loading class org/eclipse/jdt/internal/compiler/flow/UnconditionalFlowInfo$AssertionFailedException
Event: 29.701 loading class org/eclipse/jdt/internal/compiler/flow/UnconditionalFlowInfo$AssertionFailedException done
Event: 29.703 loading class org/eclipse/jdt/internal/compiler/codegen/ObjectCache
Event: 29.703 loading class org/eclipse/jdt/internal/compiler/codegen/ObjectCache done
Event: 29.703 loading class org/eclipse/jdt/internal/compiler/codegen/ObjectCache
Event: 29.703 loading class org/eclipse/jdt/internal/compiler/codegen/ObjectCache done
Event: 29.707 loading class org/eclipse/jdt/internal/compiler/ast/FakedTrackingVariable
Event: 29.707 loading class org/eclipse/jdt/internal/compiler/ast/FakedTrackingVariable done
Event: 29.707 loading class org/eclipse/jdt/internal/compiler/ast/FakedTrackingVariable
Event: 29.707 loading class org/eclipse/jdt/internal/compiler/ast/FakedTrackingVariable done


Dynamic libraries:
0x00007ff7d8b80000 - 0x00007ff7d8bb7000 	C:\Program Files\Java\jdk1.8.0_152\bin\java.exe
0x00007ffe50880000 - 0x00007ffe50a70000 	C:\WINDOWS\SYSTEM32\ntdll.dll
0x00007ffe505f0000 - 0x00007ffe506a2000 	C:\WINDOWS\System32\KERNEL32.DLL
0x00007ffe4d950000 - 0x00007ffe4dbf3000 	C:\WINDOWS\System32\KERNELBASE.dll
0x00007ffe4f480000 - 0x00007ffe4f523000 	C:\WINDOWS\System32\ADVAPI32.dll
0x00007ffe4e9e0000 - 0x00007ffe4ea7e000 	C:\WINDOWS\System32\msvcrt.dll
0x00007ffe502d0000 - 0x00007ffe50367000 	C:\WINDOWS\System32\sechost.dll
0x00007ffe4f360000 - 0x00007ffe4f480000 	C:\WINDOWS\System32\RPCRT4.dll
0x00007ffe50370000 - 0x00007ffe50504000 	C:\WINDOWS\System32\USER32.dll
0x00007ffe4d810000 - 0x00007ffe4d831000 	C:\WINDOWS\System32\win32u.dll
0x00007ffe506b0000 - 0x00007ffe506d6000 	C:\WINDOWS\System32\GDI32.dll
0x00007ffe4e6e0000 - 0x00007ffe4e874000 	C:\WINDOWS\System32\gdi32full.dll
0x00007ffe4e4f0000 - 0x00007ffe4e58e000 	C:\WINDOWS\System32\msvcp_win.dll
0x00007ffe4e5e0000 - 0x00007ffe4e6da000 	C:\WINDOWS\System32\ucrtbase.dll
0x00007ffe3c520000 - 0x00007ffe3c7a5000 	C:\WINDOWS\WinSxS\amd64_microsoft.windows.common-controls_6595b64144ccf1df_6.0.18362.592_none_e6c0b1911312be02\COMCTL32.dll
0x00007ffe4eb30000 - 0x00007ffe4ee66000 	C:\WINDOWS\System32\combase.dll
0x00007ffe4d870000 - 0x00007ffe4d8f0000 	C:\WINDOWS\System32\bcryptPrimitives.dll
0x00007ffe506e0000 - 0x00007ffe5070e000 	C:\WINDOWS\System32\IMM32.DLL
0x0000000076430000 - 0x0000000076502000 	C:\Program Files\Java\jdk1.8.0_152\jre\bin\msvcr100.dll
0x0000000074f10000 - 0x00000000757b0000 	C:\Program Files\Java\jdk1.8.0_152\jre\bin\server\jvm.dll
0x00007ffe502c0000 - 0x00007ffe502c8000 	C:\WINDOWS\System32\PSAPI.DLL
0x00007ffe45f10000 - 0x00007ffe45f34000 	C:\WINDOWS\SYSTEM32\WINMM.dll
0x00007ffe48af0000 - 0x00007ffe48af9000 	C:\WINDOWS\SYSTEM32\WSOCK32.dll
0x00007ffe50250000 - 0x00007ffe502bf000 	C:\WINDOWS\System32\WS2_32.dll
0x00007ffe45ee0000 - 0x00007ffe45f0d000 	C:\WINDOWS\SYSTEM32\winmmbase.dll
0x00007ffe4e590000 - 0x00007ffe4e5da000 	C:\WINDOWS\System32\cfgmgr32.dll
0x00007ffe47290000 - 0x00007ffe4729a000 	C:\WINDOWS\SYSTEM32\VERSION.dll
0x00007ffe4a120000 - 0x00007ffe4a12f000 	C:\Program Files\Java\jdk1.8.0_152\jre\bin\verify.dll
0x00007ffe45880000 - 0x00007ffe458a9000 	C:\Program Files\Java\jdk1.8.0_152\jre\bin\java.dll
0x00007ffe44350000 - 0x00007ffe44373000 	C:\Program Files\Java\jdk1.8.0_152\jre\bin\instrument.dll
0x00007ffe44330000 - 0x00007ffe44346000 	C:\Program Files\Java\jdk1.8.0_152\jre\bin\zip.dll
0x00007ffe4f530000 - 0x00007ffe4fc15000 	C:\WINDOWS\System32\SHELL32.dll
0x00007ffe4e930000 - 0x00007ffe4e9d9000 	C:\WINDOWS\System32\shcore.dll
0x00007ffe4dc00000 - 0x00007ffe4e37f000 	C:\WINDOWS\System32\windows.storage.dll
0x00007ffe4d7f0000 - 0x00007ffe4d80f000 	C:\WINDOWS\System32\profapi.dll
0x00007ffe4d780000 - 0x00007ffe4d7ca000 	C:\WINDOWS\System32\powrprof.dll
0x00007ffe4d750000 - 0x00007ffe4d760000 	C:\WINDOWS\System32\UMPDC.dll
0x00007ffe50590000 - 0x00007ffe505e2000 	C:\WINDOWS\System32\shlwapi.dll
0x00007ffe4d760000 - 0x00007ffe4d771000 	C:\WINDOWS\System32\kernel.appcore.dll
0x00007ffe4e4d0000 - 0x00007ffe4e4e7000 	C:\WINDOWS\System32\cryptsp.dll
0x00007ffe3c3f0000 - 0x00007ffe3c40a000 	D:\dev\ideaUI\IntelliJ IDEA 2019.2\bin\breakgen64.dll
0x00007ffe3be70000 - 0x00007ffe3be8a000 	C:\Program Files\Java\jdk1.8.0_152\jre\bin\net.dll
0x00007ffe4cf90000 - 0x00007ffe4cff7000 	C:\WINDOWS\system32\mswsock.dll
0x00007ffe4cb00000 - 0x00007ffe4cb33000 	C:\WINDOWS\system32\rsaenh.dll
0x00007ffe4d840000 - 0x00007ffe4d866000 	C:\WINDOWS\System32\bcrypt.dll
0x00007ffe4d670000 - 0x00007ffe4d695000 	C:\WINDOWS\SYSTEM32\USERENV.dll
0x00007ffe4d160000 - 0x00007ffe4d16c000 	C:\WINDOWS\SYSTEM32\CRYPTBASE.dll
0x00007ffe4cca0000 - 0x00007ffe4ccda000 	C:\WINDOWS\SYSTEM32\IPHLPAPI.DLL
0x00007ffe4eb20000 - 0x00007ffe4eb28000 	C:\WINDOWS\System32\NSI.dll
0x00007ffe46f50000 - 0x00007ffe46f66000 	C:\WINDOWS\SYSTEM32\dhcpcsvc6.DLL
0x00007ffe46f30000 - 0x00007ffe46f4c000 	C:\WINDOWS\SYSTEM32\dhcpcsvc.DLL
0x00007ffe4cce0000 - 0x00007ffe4cdaa000 	C:\WINDOWS\SYSTEM32\DNSAPI.dll
0x00007ffe3bb20000 - 0x00007ffe3bb31000 	C:\Program Files\Java\jdk1.8.0_152\jre\bin\nio.dll
0x00007ffe45a30000 - 0x00007ffe45a3a000 	C:\Users\Skin\AppData\Local\Temp\jansi-1.17.1-7976292977537733842.dll
0x00007ffe459f0000 - 0x00007ffe459fa000 	C:\Users\Skin\AppData\Local\Temp\jansi-1.17.1-2672272823400506604.dll
0x00007ffe45840000 - 0x00007ffe4584d000 	C:\Program Files\Java\jdk1.8.0_152\jre\bin\management.dll
0x00007ffe462b0000 - 0x00007ffe462ba000 	C:\Windows\System32\rasadhlp.dll
0x00007ffe46d30000 - 0x00007ffe46da7000 	C:\WINDOWS\System32\fwpuclnt.dll

VM Arguments:
jvm_args: -Dmaven.multiModuleProjectDirectory=D:\dev\workspace\idea\TCAMS -Dmaven.home=D:\dev\ideaUI\IntelliJ IDEA 2019.2\plugins\maven\lib\maven3 -Dclassworlds.conf=D:\dev\ideaUI\IntelliJ IDEA 2019.2\plugins\maven\lib\maven3\bin\m2.conf -Dmaven.ext.class.path=D:\dev\ideaUI\IntelliJ IDEA 2019.2\plugins\maven\lib\maven-event-listener.jar -javaagent:D:\dev\ideaUI\IntelliJ IDEA 2019.2\lib\idea_rt.jar=59978:D:\dev\ideaUI\IntelliJ IDEA 2019.2\bin -Dfile.encoding=UTF-8 
java_command: org.codehaus.classworlds.Launcher -Didea.version2019.2 org.apache.tomcat.maven:tomcat7-maven-plugin:2.2:run
java_class_path (initial): D:\dev\ideaUI\IntelliJ IDEA 2019.2\plugins\maven\lib\maven3\boot\plexus-classworlds-2.6.0.jar;D:\dev\ideaUI\IntelliJ IDEA 2019.2\lib\idea_rt.jar
Launcher Type: SUN_STANDARD

Environment Variables:
JAVA_HOME=C:\Program Files\Java\jdk1.8.0_152
PATH=D:\dev\ideaUI\IntelliJ IDEA 2019.2\jbr\\bin;D:\dev\ideaUI\IntelliJ IDEA 2019.2\jbr\\bin\server;C:\Program Files (x86)\Intel\iCLS Client\;C:\Program Files\Intel\iCLS Client\;C:\Windows\system32;C:\Windows;C:\Windows\System32\Wbem;C:\Windows\System32\WindowsPowerShell\v1.0\;C:\Program Files (x86)\Intel\Intel(R) Management Engine Components\DAL;C:\Program Files\Intel\Intel(R) Management Engine Components\DAL;C:\Program Files (x86)\Intel\Intel(R) Management Engine Components\IPT;C:\Program Files\Intel\Intel(R) Management Engine Components\IPT;C:\Program Files (x86)\NVIDIA Corporation\PhysX\Common;C:\WINDOWS\system32;C:\WINDOWS;C:\WINDOWS\System32\Wbem;C:\WINDOWS\System32\WindowsPowerShell\v1.0\;C:\WINDOWS\System32\OpenSSH\;C:\Program Files\Java\jdk1.8.0_152\bin;D:\dev\server\apache-tomcat-8.5.47\bin;D:\dev\MySQL\MySQLServer5.5\bin;D:\dev\MavenData\apache-maven-3.6.3\bin;C:\Users\Skin\AppData\Local\Microsoft\WindowsApps;
USERNAME= ¿º·
OS=Windows_NT
PROCESSOR_IDENTIFIER=Intel64 Family 6 Model 158 Stepping 9, GenuineIntel



---------------  S Y S T E M  ---------------

OS: Windows 10.0 , 64 bit Build 18362 (10.0.18362.329)

CPU:total 4 (initial active 4) (4 cores per cpu, 1 threads per core) family 6 model 158 stepping 9, cmov, cx8, fxsr, mmx, sse, sse2, sse3, ssse3, sse4.1, sse4.2, popcnt, avx, avx2, aes, clmul, erms, 3dnowpref, lzcnt, tsc, tscinvbit, bmi1, bmi2, adx

Memory: 4k page, physical 8278180k(1085076k free), swap 16142496k(5360k free)

vm_info: Java HotSpot(TM) 64-Bit Server VM (25.152-b16) for windows-amd64 JRE (1.8.0_152-b16), built on Sep 14 2017 02:29:36 by "java_re" with MS VC++ 10.0 (VS2010)

time: Thu Feb 06 22:36:33 2020
elapsed time: 29 seconds (0d 0h 0m 29s)

